<?xml version="1.0" encoding="UTF-8"?>
<testng-results skipped="0" failed="0" ignored="0" total="3" passed="3">
  <reporter-output>
  </reporter-output>
  <suite name="Default suite" duration-ms="38632" started-at="2019-03-30T05:30:18Z" finished-at="2019-03-30T05:30:56Z">
    <groups>
    </groups>
    <test name="Default test" duration-ms="38632" started-at="2019-03-30T05:30:18Z" finished-at="2019-03-30T05:30:56Z">
      <class name="scripts.mercury_test">
        <test-method status="PASS" signature="beforeClass()[pri:0, instance:scripts.mercury_test@5bcea91b]" name="beforeClass" is-config="true" duration-ms="7831" started-at="2019-03-30T05:30:18Z" finished-at="2019-03-30T05:30:25Z">
          <reporter-output>
          </reporter-output>
        </test-method> <!-- beforeClass -->
        <test-method status="PASS" signature="a_launchApplication()[pri:0, instance:scripts.mercury_test@5bcea91b]" name="a_launchApplication" duration-ms="3652" started-at="2019-03-30T05:30:25Z" finished-at="2019-03-30T05:30:29Z">
          <reporter-output>
          </reporter-output>
        </test-method> <!-- a_launchApplication -->
        <test-method status="PASS" signature="b_Login()[pri:0, instance:scripts.mercury_test@5bcea91b]" name="b_Login" duration-ms="14697" started-at="2019-03-30T05:30:29Z" finished-at="2019-03-30T05:30:44Z">
          <reporter-output>
          </reporter-output>
        </test-method> <!-- b_Login -->
        <test-method status="PASS" signature="c_Logout()[pri:0, instance:scripts.mercury_test@5bcea91b]" name="c_Logout" duration-ms="11497" started-at="2019-03-30T05:30:44Z" finished-at="2019-03-30T05:30:55Z">
          <reporter-output>
          </reporter-output>
        </test-method> <!-- c_Logout -->
        <test-method status="PASS" signature="afterClass()[pri:0, instance:scripts.mercury_test@5bcea91b]" name="afterClass" is-config="true" duration-ms="936" started-at="2019-03-30T05:30:55Z" finished-at="2019-03-30T05:30:56Z">
          <reporter-output>
          </reporter-output>
        </test-method> <!-- afterClass -->
      </class> <!-- scripts.mercury_test -->
    </test> <!-- Default test -->
  </suite> <!-- Default suite -->
</testng-results>
